<?xml version="1.0" encoding="UTF-8"?>
<testsuite xmlns:xsi="http://www.w3.org/2001/XMLSchema-instance" xsi:noNamespaceSchemaLocation="https://maven.apache.org/surefire/maven-surefire-plugin/xsd/surefire-test-report-3.0.xsd" version="3.0" name="org.java.app.SpringLaMiaPizzeriaCrudApplicationTests" time="6.097" tests="1" errors="0" skipped="0" failures="0">
  <properties>
[...]
</properties>
  <testcase name="contextLoads" classname="org.java.app.SpringLaMiaPizzeriaCrudApplicationTests" time="0.672">
    <system-out><![CDATA[11:52:37.638 [main] INFO org.springframework.test.context.support.AnnotationConfigContextLoaderUtils -- Could not detect default configuration classes for test class [org.java.app.SpringLaMiaPizzeriaCrudApplicationTests]: SpringLaMiaPizzeriaCrudApplicationTests does not declare any static, non-private, non-final, nested classes annotated with @Configuration.
11:52:37.762 [main] INFO org.springframework.boot.test.context.SpringBootTestContextBootstrapper -- Found @SpringBootConfiguration org.java.app.SpringLaMiaPizzeriaCrudApplication for test class org.java.app.SpringLaMiaPizzeriaCrudApplicationTests

  .   ____          _            __ _ _
 /\\ / ___'_ __ _ _(_)_ __  __ _ \ \ \ \
( ( )\___ | '_ | '_| | '_ \/ _` | \ \ \ \
 \\/  ___)| |_)| | | | | || (_| |  ) ) ) )
  '  |____| .__|_| |_|_| |_\__, | / / / /
 =========|_|==============|___/=/_/_/_/
 :: Spring Boot ::                (v3.1.4)

2023-10-10T11:52:38.339+02:00  INFO 18928 --- [           main] .SpringLaMiaPizzeriaCrudApplicationTests : Starting SpringLaMiaPizzeriaCrudApplicationTests using Java 17.0.8.1 with PID 18928 (started by loren in D:\Project\JAVA\spring-la-mia-pizzeria-crud)
2023-10-10T11:52:38.341+02:00  INFO 18928 --- [           main] .SpringLaMiaPizzeriaCrudApplicationTests : No active profile set, falling back to 1 default profile: "default"
2023-10-10T11:52:39.159+02:00  INFO 18928 --- [           main] .s.d.r.c.RepositoryConfigurationDelegate : Bootstrapping Spring Data JPA repositories in DEFAULT mode.
2023-10-10T11:52:39.235+02:00  INFO 18928 --- [           main] .s.d.r.c.RepositoryConfigurationDelegate : Finished Spring Data repository scanning in 63 ms. Found 1 JPA repository interfaces.
2023-10-10T11:52:39.769+02:00  INFO 18928 --- [           main] o.hibernate.jpa.internal.util.LogHelper  : HHH000204: Processing PersistenceUnitInfo [name: default]
2023-10-10T11:52:39.853+02:00  INFO 18928 --- [           main] org.hibernate.Version                    : HHH000412: Hibernate ORM core version 6.2.9.Final
2023-10-10T11:52:39.858+02:00  INFO 18928 --- [           main] org.hibernate.cfg.Environment            : HHH000406: Using bytecode reflection optimizer
2023-10-10T11:52:40.137+02:00  INFO 18928 --- [           main] o.h.b.i.BytecodeProviderInitiator        : HHH000021: Bytecode provider name : bytebuddy
2023-10-10T11:52:40.321+02:00  INFO 18928 --- [           main] o.s.o.j.p.SpringPersistenceUnitInfo      : No LoadTimeWeaver setup: ignoring JPA class transformer
2023-10-10T11:52:40.353+02:00  INFO 18928 --- [           main] com.zaxxer.hikari.HikariDataSource       : HikariPool-1 - Starting...
2023-10-10T11:52:40.584+02:00  INFO 18928 --- [           main] com.zaxxer.hikari.pool.HikariPool        : HikariPool-1 - Added connection com.mysql.cj.jdbc.ConnectionImpl@782ac148
2023-10-10T11:52:40.586+02:00  INFO 18928 --- [           main] com.zaxxer.hikari.HikariDataSource       : HikariPool-1 - Start completed.
2023-10-10T11:52:40.868+02:00  INFO 18928 --- [           main] o.h.b.i.BytecodeProviderInitiator        : HHH000021: Bytecode provider name : bytebuddy
2023-10-10T11:52:41.615+02:00  INFO 18928 --- [           main] o.h.e.t.j.p.i.JtaPlatformInitiator       : HHH000490: Using JtaPlatform implementation: [org.hibernate.engine.transaction.jta.platform.internal.NoJtaPlatform]
2023-10-10T11:52:41.743+02:00  INFO 18928 --- [           main] j.LocalContainerEntityManagerFactoryBean : Initialized JPA EntityManagerFactory for persistence unit 'default'
2023-10-10T11:52:42.302+02:00  WARN 18928 --- [           main] JpaBaseConfiguration$JpaWebConfiguration : spring.jpa.open-in-view is enabled by default. Therefore, database queries may be performed during view rendering. Explicitly configure spring.jpa.open-in-view to disable this warning
2023-10-10T11:52:42.721+02:00  INFO 18928 --- [           main] .SpringLaMiaPizzeriaCrudApplicationTests : Started SpringLaMiaPizzeriaCrudApplicationTests in 4.759 seconds (process running for 6.061)
Insert OK!
]]></system-out>
  </testcase>
</testsuite>